<?xml version="1.0" encoding="UTF-8"?>
<testng-results skipped="0" failed="0" ignored="0" total="1" passed="1">
  <reporter-output>
  </reporter-output>
  <suite name="Default suite" duration-ms="32126" started-at="2021-09-03T03:09:08Z" finished-at="2021-09-03T03:09:41Z">
    <groups>
    </groups>
    <test name="Default test" duration-ms="32126" started-at="2021-09-03T03:09:08Z" finished-at="2021-09-03T03:09:41Z">
      <class name="com.training.SanityTest.LoginTest">
        <test-method status="PASS" signature="setUpBeforeclass()[pri:0, instance:com.training.SanityTest.LoginTest@42d80b78]" name="setUpBeforeclass" is-config="true" duration-ms="22675" started-at="2021-09-03T03:09:08Z" finished-at="2021-09-03T03:09:31Z">
          <reporter-output>
          </reporter-output>
        </test-method> <!-- setUpBeforeclass -->
        <test-method status="PASS" signature="loginTest()[pri:0, instance:com.training.SanityTest.LoginTest@42d80b78]" name="loginTest" duration-ms="9375" started-at="2021-09-03T03:09:31Z" finished-at="2021-09-03T03:09:41Z">
          <reporter-output>
          </reporter-output>
        </test-method> <!-- loginTest -->
        <test-method status="PASS" signature="teardown()[pri:0, instance:com.training.SanityTest.LoginTest@42d80b78]" name="teardown" is-config="true" duration-ms="0" started-at="2021-09-03T03:09:41Z" finished-at="2021-09-03T03:09:41Z">
          <reporter-output>
          </reporter-output>
        </test-method> <!-- teardown -->
      </class> <!-- com.training.SanityTest.LoginTest -->
    </test> <!-- Default test -->
  </suite> <!-- Default suite -->
</testng-results>
